<?xml version="1.0" encoding="UTF-8"?>
<TestRun id="ca6892f8-ade8-4f1f-a191-c40768950a69" name="Attila_Szucs@EPHUBUDW0604 2013-03-12 17:27:57" runUser="BUDAPEST\Attila_Szucs" xmlns="http://microsoft.com/schemas/VisualStudio/TeamTest/2010">
  <TestSettings name="Local" id="7507c5dd-7f28-4ed5-b0cf-1170b765cba1">
    <Description>These are default test settings for a local test run.</Description>
    <Deployment enabled="false" runDeploymentRoot="Attila_Szucs_EPHUBUDW0604 2013-03-12 17_27_57">
      <DeploymentItem filename="D:\Private\Projects\GitHub\portfotolio\master\Simplickr\bin\Debug\Simplickr.dll" />
    </Deployment>
    <Execution>
      <TestTypeSpecific />
      <AgentRule name="Execution Agents">
      </AgentRule>
    </Execution>
  </TestSettings>
  <Times creation="2013-03-12T17:27:57.2328177+01:00" queuing="2013-03-12T17:27:59.5025907+01:00" start="2013-03-12T17:27:59.7475662+01:00" finish="2013-03-12T17:28:04.8550554+01:00" />
  <ResultSummary outcome="Completed">
    <Counters total="7" executed="7" passed="7" error="0" failed="0" timeout="0" aborted="0" inconclusive="0" passedButRunAborted="0" notRunnable="0" notExecuted="0" disconnected="0" warning="0" completed="0" inProgress="0" pending="0" />
  </ResultSummary>
  <TestDefinitions>
    <UnitTest name="PeopleGetPublicPhotosSignedTest" storage="d:\private\projects\github\portfotolio\master\simplickrtests\bin\debug\simplickrtests.dll" id="0516a2bd-5d87-abab-d6e3-fb796a141909">
      <Execution id="8d5434e9-0da4-4dff-bd4e-53f79ca7108d" />
      <TestMethod codeBase="D:/Private/Projects/GitHub/portfotolio/master/SimplickrTests/bin/Debug/SimplickrTests.DLL" adapterTypeName="Microsoft.VisualStudio.TestTools.TestTypes.Unit.UnitTestAdapter, Microsoft.VisualStudio.QualityTools.Tips.UnitTest.Adapter, Version=10.0.0.0, Culture=neutral, PublicKeyToken=b03f5f7f11d50a3a" className="SimplickrTests.FlickrApiTests, SimplickrTests, Version=1.0.0.0, Culture=neutral, PublicKeyToken=null" name="PeopleGetPublicPhotosSignedTest" />
    </UnitTest>
    <UnitTest name="SimplickrConfigFromConfigFile" storage="d:\private\projects\github\portfotolio\master\simplickrtests\bin\debug\simplickrtests.dll" id="aabf9d69-f592-270e-6afa-a098456e34bf">
      <Execution id="9c35b873-1456-4dd8-9ea5-67279945327b" />
      <TestMethod codeBase="D:/Private/Projects/GitHub/portfotolio/master/SimplickrTests/bin/Debug/SimplickrTests.DLL" adapterTypeName="Microsoft.VisualStudio.TestTools.TestTypes.Unit.UnitTestAdapter, Microsoft.VisualStudio.QualityTools.Tips.UnitTest.Adapter, Version=10.0.0.0, Culture=neutral, PublicKeyToken=b03f5f7f11d50a3a" className="SimplickrTests.FlickrApiTests, SimplickrTests, Version=1.0.0.0, Culture=neutral, PublicKeyToken=null" name="SimplickrConfigFromConfigFile" />
    </UnitTest>
    <UnitTest name="ShouldGetRequestToken" storage="d:\private\projects\github\portfotolio\master\simplickrtests\bin\debug\simplickrtests.dll" id="5ac2f32f-57f4-d85a-3436-d89125899520">
      <Execution id="798b2ecd-b19c-462b-b689-1b2837bb0e79" />
      <TestMethod codeBase="D:/Private/Projects/GitHub/portfotolio/master/SimplickrTests/bin/Debug/SimplickrTests.DLL" adapterTypeName="Microsoft.VisualStudio.TestTools.TestTypes.Unit.UnitTestAdapter, Microsoft.VisualStudio.QualityTools.Tips.UnitTest.Adapter, Version=10.0.0.0, Culture=neutral, PublicKeyToken=b03f5f7f11d50a3a" className="SimplickrTests.OAuthServiceTests, SimplickrTests, Version=1.0.0.0, Culture=neutral, PublicKeyToken=null" name="ShouldGetRequestToken" />
    </UnitTest>
    <UnitTest name="ShouldGetRequestTokenUrl" storage="d:\private\projects\github\portfotolio\master\simplickrtests\bin\debug\simplickrtests.dll" id="95463b90-55da-414d-11df-1664812637eb">
      <Execution id="c86f263b-144e-4964-94b0-7330ef13d51b" />
      <TestMethod codeBase="D:/Private/Projects/GitHub/portfotolio/master/SimplickrTests/bin/Debug/SimplickrTests.DLL" adapterTypeName="Microsoft.VisualStudio.TestTools.TestTypes.Unit.UnitTestAdapter, Microsoft.VisualStudio.QualityTools.Tips.UnitTest.Adapter, Version=10.0.0.0, Culture=neutral, PublicKeyToken=b03f5f7f11d50a3a" className="SimplickrTests.OAuthUrlServiceTests, SimplickrTests, Version=1.0.0.0, Culture=neutral, PublicKeyToken=null" name="ShouldGetRequestTokenUrl" />
    </UnitTest>
    <UnitTest name="PeopleGetPhotosTestUnauthorized" storage="d:\private\projects\github\portfotolio\master\simplickrtests\bin\debug\simplickrtests.dll" id="a4f09926-d640-66e2-b0b5-41ffccb4ee7e">
      <Execution id="5187d401-4a09-47da-90ad-e8308d79bc1b" />
      <TestMethod codeBase="D:/Private/Projects/GitHub/portfotolio/master/SimplickrTests/bin/Debug/SimplickrTests.DLL" adapterTypeName="Microsoft.VisualStudio.TestTools.TestTypes.Unit.UnitTestAdapter, Microsoft.VisualStudio.QualityTools.Tips.UnitTest.Adapter, Version=10.0.0.0, Culture=neutral, PublicKeyToken=b03f5f7f11d50a3a" className="SimplickrTests.FlickrApiTests, SimplickrTests, Version=1.0.0.0, Culture=neutral, PublicKeyToken=null" name="PeopleGetPhotosTestUnauthorized" />
    </UnitTest>
    <UnitTest name="ShouldGetUserAuthorizationUrl" storage="d:\private\projects\github\portfotolio\master\simplickrtests\bin\debug\simplickrtests.dll" id="496a483d-14a5-040e-72d7-b8eb73259c92">
      <Execution id="e139c086-a8e2-467b-98ee-decedd35f1af" />
      <TestMethod codeBase="D:/Private/Projects/GitHub/portfotolio/master/SimplickrTests/bin/Debug/SimplickrTests.DLL" adapterTypeName="Microsoft.VisualStudio.TestTools.TestTypes.Unit.UnitTestAdapter, Microsoft.VisualStudio.QualityTools.Tips.UnitTest.Adapter, Version=10.0.0.0, Culture=neutral, PublicKeyToken=b03f5f7f11d50a3a" className="SimplickrTests.OAuthServiceTests, SimplickrTests, Version=1.0.0.0, Culture=neutral, PublicKeyToken=null" name="ShouldGetUserAuthorizationUrl" />
    </UnitTest>
    <UnitTest name="PeopleGetPublicPhotosTest" storage="d:\private\projects\github\portfotolio\master\simplickrtests\bin\debug\simplickrtests.dll" id="5ad8eb35-da25-5ec0-56e3-92d6a14bc4f2">
      <Execution id="b081adf9-1411-4e38-a4c5-b644f5b8cb3d" />
      <TestMethod codeBase="D:/Private/Projects/GitHub/portfotolio/master/SimplickrTests/bin/Debug/SimplickrTests.DLL" adapterTypeName="Microsoft.VisualStudio.TestTools.TestTypes.Unit.UnitTestAdapter, Microsoft.VisualStudio.QualityTools.Tips.UnitTest.Adapter, Version=10.0.0.0, Culture=neutral, PublicKeyToken=b03f5f7f11d50a3a" className="SimplickrTests.FlickrApiTests, SimplickrTests, Version=1.0.0.0, Culture=neutral, PublicKeyToken=null" name="PeopleGetPublicPhotosTest" />
    </UnitTest>
  </TestDefinitions>
  <TestLists>
    <TestList name="Results Not in a List" id="8c84fa94-04c1-424b-9868-57a2d4851a1d" />
    <TestList name="All Loaded Results" id="19431567-8539-422a-85d7-44ee4e166bda" />
  </TestLists>
  <TestEntries>
    <TestEntry testId="0516a2bd-5d87-abab-d6e3-fb796a141909" executionId="8d5434e9-0da4-4dff-bd4e-53f79ca7108d" testListId="8c84fa94-04c1-424b-9868-57a2d4851a1d" />
    <TestEntry testId="496a483d-14a5-040e-72d7-b8eb73259c92" executionId="e139c086-a8e2-467b-98ee-decedd35f1af" testListId="8c84fa94-04c1-424b-9868-57a2d4851a1d" />
    <TestEntry testId="5ac2f32f-57f4-d85a-3436-d89125899520" executionId="798b2ecd-b19c-462b-b689-1b2837bb0e79" testListId="8c84fa94-04c1-424b-9868-57a2d4851a1d" />
    <TestEntry testId="5ad8eb35-da25-5ec0-56e3-92d6a14bc4f2" executionId="b081adf9-1411-4e38-a4c5-b644f5b8cb3d" testListId="8c84fa94-04c1-424b-9868-57a2d4851a1d" />
    <TestEntry testId="95463b90-55da-414d-11df-1664812637eb" executionId="c86f263b-144e-4964-94b0-7330ef13d51b" testListId="8c84fa94-04c1-424b-9868-57a2d4851a1d" />
    <TestEntry testId="a4f09926-d640-66e2-b0b5-41ffccb4ee7e" executionId="5187d401-4a09-47da-90ad-e8308d79bc1b" testListId="8c84fa94-04c1-424b-9868-57a2d4851a1d" />
    <TestEntry testId="aabf9d69-f592-270e-6afa-a098456e34bf" executionId="9c35b873-1456-4dd8-9ea5-67279945327b" testListId="8c84fa94-04c1-424b-9868-57a2d4851a1d" />
  </TestEntries>
  <Results>
    <UnitTestResult executionId="8d5434e9-0da4-4dff-bd4e-53f79ca7108d" testId="0516a2bd-5d87-abab-d6e3-fb796a141909" testName="PeopleGetPublicPhotosSignedTest" computerName="EPHUBUDW0604" duration="00:00:01.2343985" startTime="2013-03-12T17:28:00.0015408+01:00" endTime="2013-03-12T17:28:02.4482961+01:00" testType="13cdc9d9-ddb5-4fa4-a97d-d965ccfc6d4b" outcome="Passed" testListId="8c84fa94-04c1-424b-9868-57a2d4851a1d" relativeResultsDirectory="8d5434e9-0da4-4dff-bd4e-53f79ca7108d">
      <Output>
        <StdOut>http://api.flickr.com/services/rest?api_key=1a44395543c1473fb19d39467fb4c827&amp;extras=path_alias,url_s&amp;format=json&amp;method=flickr.people.getPublicPhotos&amp;nojsoncallback=1&amp;per_page=30&amp;user_id=27725019@N00
{"photos":{"page":1, "pages":5, "perpage":30, "total":"124", "photo":[{"id":"7932311906", "owner":"27725019@N00", "secret":"d55b33a035", "server":"8302", "farm":9, "title":"Aranyosmeggyes \u25cf Medie\u015ful Aurit", "ispublic":1, "isfriend":0, "isfamily":0, "pathalias":"medvekoma", "url_s":"http:\/\/farm9.staticflickr.com\/8302\/7932311906_d55b33a035_m.jpg", "height_s":"192", "width_s":"240"}, {"id":"7738165960", "owner":"27725019@N00", "secret":"1f406faac7", "server":"8290", "farm":9, "title":"underworld \u25cf alvil\u00e1g", "ispublic":1, "isfriend":0, "isfamily":0, "pathalias":"medvekoma", "url_s":"http:\/\/farm9.staticflickr.com\/8290\/7738165960_1f406faac7_m.jpg", "height_s":"240", "width_s":"160"}, {"id":"7340593082", "owner":"27725019@N00", "secret":"c00c6488aa", "server":"7223", "farm":8, "title":"indulj el egy \u00faton...", "ispublic":1, "isfriend":0, "isfamily":0, "pathalias":"medvekoma", "url_s":"http:\/\/farm8.staticflickr.com\/7223\/7340593082_c00c6488aa_m.jpg", "height_s":"240", "width_s":"240"}, {"id":"6307560656", "owner":"27725019@N00", "secret":"1ac6bc89f7", "server":"6228", "farm":7, "title":"a fotografikon \u25cf the photo-graph", "ispublic":1, "isfriend":0, "isfamily":0, "pathalias":"medvekoma", "url_s":"http:\/\/farm7.staticflickr.com\/6228\/6307560656_1ac6bc89f7_m.jpg", "height_s":"160", "width_s":"240"}, {"id":"6307297570", "owner":"27725019@N00", "secret":"431193f199", "server":"6037", "farm":7, "title":"indian summer \u25cf v\u00e9nasszonyok nyara", "ispublic":1, "isfriend":0, "isfamily":0, "pathalias":"medvekoma", "url_s":"http:\/\/farm7.staticflickr.com\/6037\/6307297570_431193f199_m.jpg", "height_s":"160", "width_s":"240"}, {"id":"6272503368", "owner":"27725019@N00", "secret":"dc7bbbeb73", "server":"6057", "farm":7, "title":"constellation \u25cf csillagk\u00e9p", "ispublic":1, "isfriend":0, "isfamily":0, "pathalias":"medvekoma", "url_s":"http:\/\/farm7.staticflickr.com\/6057\/6272503368_dc7bbbeb73_m.jpg", "height_s":"240", "width_s":"160"}, {"id":"5995002117", "owner":"27725019@N00", "secret":"040be195d1", "server":"6144", "farm":7, "title":"breakthrough \u25cf \u00e1tt\u00f6r\u00e9s", "ispublic":1, "isfriend":0, "isfamily":0, "pathalias":"medvekoma", "url_s":"http:\/\/farm7.staticflickr.com\/6144\/5995002117_040be195d1_m.jpg", "height_s":"240", "width_s":"160"}, {"id":"5989559695", "owner":"27725019@N00", "secret":"54af3aa784", "server":"6140", "farm":7, "title":"house with a view \u25cf h\u00e1z kil\u00e1t\u00e1ssal", "ispublic":1, "isfriend":0, "isfamily":0, "pathalias":"medvekoma", "url_s":"http:\/\/farm7.staticflickr.com\/6140\/5989559695_54af3aa784_m.jpg", "height_s":"160", "width_s":"240"}, {"id":"5932643355", "owner":"27725019@N00", "secret":"0c5e35c066", "server":"6139", "farm":7, "title":"eastwards \u25cf kelet fel\u00e9", "ispublic":1, "isfriend":0, "isfamily":0, "pathalias":"medvekoma", "url_s":"http:\/\/farm7.staticflickr.com\/6139\/5932643355_0c5e35c066_m.jpg", "height_s":"144", "width_s":"240"}, {"id":"5672040930", "owner":"27725019@N00", "secret":"b27b1637c1", "server":"5105", "farm":6, "title":"cutaway view \u25cf egy hegy metszete", "ispublic":1, "isfriend":0, "isfamily":0, "pathalias":"medvekoma", "url_s":"http:\/\/farm6.staticflickr.com\/5105\/5672040930_b27b1637c1_m.jpg", "height_s":"160", "width_s":"240"}, {"id":"5669385899", "owner":"27725019@N00", "secret":"5fbcbecfc9", "server":"5063", "farm":6, "title":"nocturne", "ispublic":1, "isfriend":0, "isfamily":0, "pathalias":"medvekoma", "url_s":"http:\/\/farm6.staticflickr.com\/5063\/5669385899_5fbcbecfc9_m.jpg", "height_s":"160", "width_s":"240"}, {"id":"5668530843", "owner":"27725019@N00", "secret":"2afb8a43e2", "server":"5142", "farm":6, "title":"pastorale", "ispublic":1, "isfriend":0, "isfamily":0, "pathalias":"medvekoma", "url_s":"http:\/\/farm6.staticflickr.com\/5142\/5668530843_2afb8a43e2_m.jpg", "height_s":"160", "width_s":"240"}, {"id":"5639098784", "owner":"27725019@N00", "secret":"dfced09f41", "server":"5186", "farm":6, "title":"psz\u00ednh\u00e1z \u25cf psytheathre", "ispublic":1, "isfriend":0, "isfamily":0, "pathalias":"medvekoma", "url_s":"http:\/\/farm6.staticflickr.com\/5186\/5639098784_dfced09f41_m.jpg", "height_s":"240", "width_s":"160"}, {"id":"5596419246", "owner":"27725019@N00", "secret":"5b550c9ea4", "server":"5021", "farm":6, "title":"solitude standing \u25cf folyamatos mag\u00e1ny", "ispublic":1, "isfriend":0, "isfamily":0, "pathalias":"medvekoma", "url_s":"http:\/\/farm6.staticflickr.com\/5021\/5596419246_5b550c9ea4_m.jpg", "height_s":"240", "width_s":"160"}, {"id":"5529782845", "owner":"27725019@N00", "secret":"f8e0192069", "server":"5252", "farm":6, "title":"hunyor \u25cf helleborus", "ispublic":1, "isfriend":0, "isfamily":0, "pathalias":"medvekoma", "url_s":"http:\/\/farm6.staticflickr.com\/5252\/5529782845_f8e0192069_m.jpg", "height_s":"160", "width_s":"240"}, {"id":"5529743659", "owner":"27725019@N00", "secret":"ea90685e04", "server":"5139", "farm":6, "title":"landScape \u25cf t\u00e1jSk\u00e9p", "ispublic":1, "isfriend":0, "isfamily":0, "pathalias":"medvekoma", "url_s":"http:\/\/farm6.staticflickr.com\/5139\/5529743659_ea90685e04_m.jpg", "height_s":"160", "width_s":"240"}, {"id":"5140499843", "owner":"27725019@N00", "secret":"934baf28d1", "server":"1234", "farm":2, "title":"a v\u00edz szalad, a k\u0151 marad \u25cf running waters, standing stones", "ispublic":1, "isfriend":0, "isfamily":0, "pathalias":"medvekoma", "url_s":"http:\/\/farm2.staticflickr.com\/1234\/5140499843_934baf28d1_m.jpg", "height_s":"160", "width_s":"240"}, {"id":"4978609689", "owner":"27725019@N00", "secret":"60f38f370f", "server":"4086", "farm":5, "title":"n\u00e9gykezes \u25cf piece for four hands", "ispublic":1, "isfriend":0, "isfamily":0, "pathalias":"medvekoma", "url_s":"http:\/\/farm5.staticflickr.com\/4086\/4978609689_60f38f370f_m.jpg", "height_s":"240", "width_s":"240"}, {"id":"4978607511", "owner":"27725019@N00", "secret":"96e7142d15", "server":"4145", "farm":5, "title":"love \u25cf szerelem", "ispublic":1, "isfriend":0, "isfamily":0, "pathalias":"medvekoma", "url_s":"http:\/\/farm5.staticflickr.com\/4145\/4978607511_96e7142d15_m.jpg", "height_s":"240", "width_s":"160"}, {"id":"4979207842", "owner":"27725019@N00", "secret":"bf0e8db007", "server":"4148", "farm":5, "title":"Grencs\u00f3 Istv\u00e1n", "ispublic":1, "isfriend":0, "isfamily":0, "pathalias":"medvekoma", "url_s":"http:\/\/farm5.staticflickr.com\/4148\/4979207842_bf0e8db007_m.jpg", "height_s":"240", "width_s":"160"}, {"id":"4971623057", "owner":"27725019@N00", "secret":"56b86feb87", "server":"4131", "farm":5, "title":"\u25cf \u25cf", "ispublic":1, "isfriend":0, "isfamily":0, "pathalias":"medvekoma", "url_s":"http:\/\/farm5.staticflickr.com\/4131\/4971623057_56b86feb87_m.jpg", "height_s":"160", "width_s":"240"}, {"id":"4915689774", "owner":"27725019@N00", "secret":"eb290ca18c", "server":"4094", "farm":5, "title":"\u25cf", "ispublic":1, "isfriend":0, "isfamily":0, "pathalias":"medvekoma", "url_s":"http:\/\/farm5.staticflickr.com\/4094\/4915689774_eb290ca18c_m.jpg", "height_s":"160", "width_s":"240"}, {"id":"4909947632", "owner":"27725019@N00", "secret":"6dd150e2fb", "server":"4077", "farm":5, "title":"ki kor\u00e1n kel, aranyat lel \u25cf golden morning", "ispublic":1, "isfriend":0, "isfamily":0, "pathalias":"medvekoma", "url_s":"http:\/\/farm5.staticflickr.com\/4077\/4909947632_6dd150e2fb_m.jpg", "height_s":"160", "width_s":"240"}, {"id":"4909335487", "owner":"27725019@N00", "secret":"ff564b40e6", "server":"4101", "farm":5, "title":"Pista b\u00e1csi \u25cf uncle Steve", "ispublic":1, "isfriend":0, "isfamily":0, "pathalias":"medvekoma", "url_s":"http:\/\/farm5.staticflickr.com\/4101\/4909335487_ff564b40e6_m.jpg", "height_s":"240", "width_s":"160"}, {"id":"4903911942", "owner":"27725019@N00", "secret":"ffcb8a1446", "server":"4075", "farm":5, "title":"Harina \u25cf M\u00f6nchsdorf \u25cf Herina", "ispublic":1, "isfriend":0, "isfamily":0, "pathalias":"medvekoma", "url_s":"http:\/\/farm5.staticflickr.com\/4075\/4903911942_ffcb8a1446_m.jpg", "height_s":"240", "width_s":"160"}, {"id":"4903895152", "owner":"27725019@N00", "secret":"43f006785d", "server":"4081", "farm":5, "title":"\u00c9nlaka", "ispublic":1, "isfriend":0, "isfamily":0, "pathalias":"medvekoma", "url_s":"http:\/\/farm5.staticflickr.com\/4081\/4903895152_43f006785d_m.jpg", "height_s":"240", "width_s":"160"}, {"id":"4903285771", "owner":"27725019@N00", "secret":"11328f044c", "server":"4077", "farm":5, "title":"cs\u00f3kfalva", "ispublic":1, "isfriend":0, "isfamily":0, "pathalias":"medvekoma", "url_s":"http:\/\/farm5.staticflickr.com\/4077\/4903285771_11328f044c_m.jpg", "height_s":"240", "width_s":"160"}, {"id":"4903222785", "owner":"27725019@N00", "secret":"a006b8eae4", "server":"4098", "farm":5, "title":"Egy Az Isten \u25cf God Is One", "ispublic":1, "isfriend":0, "isfamily":0, "pathalias":"medvekoma", "url_s":"http:\/\/farm5.staticflickr.com\/4098\/4903222785_a006b8eae4_m.jpg", "height_s":"240", "width_s":"160"}, {"id":"4816953425", "owner":"27725019@N00", "secret":"36f4447cfd", "server":"4142", "farm":5, "title":"summer \u25cf ny\u00e1r", "ispublic":1, "isfriend":0, "isfamily":0, "pathalias":"medvekoma", "url_s":"http:\/\/farm5.staticflickr.com\/4142\/4816953425_36f4447cfd_m.jpg", "height_s":"240", "width_s":"240"}, {"id":"4776738342", "owner":"27725019@N00", "secret":"bd820c09ee", "server":"4079", "farm":5, "title":"Budapest by light", "ispublic":1, "isfriend":0, "isfamily":0, "pathalias":"medvekoma", "url_s":"http:\/\/farm5.staticflickr.com\/4079\/4776738342_bd820c09ee_m.jpg", "height_s":"240", "width_s":"160"}]}, "stat":"ok"}</StdOut>
      </Output>
    </UnitTestResult>
    <UnitTestResult executionId="e139c086-a8e2-467b-98ee-decedd35f1af" testId="496a483d-14a5-040e-72d7-b8eb73259c92" testName="ShouldGetUserAuthorizationUrl" computerName="EPHUBUDW0604" duration="00:00:00.4493296" startTime="2013-03-12T17:28:02.4582951+01:00" endTime="2013-03-12T17:28:02.9142495+01:00" testType="13cdc9d9-ddb5-4fa4-a97d-d965ccfc6d4b" outcome="Passed" testListId="8c84fa94-04c1-424b-9868-57a2d4851a1d" relativeResultsDirectory="e139c086-a8e2-467b-98ee-decedd35f1af">
      <Output>
        <StdOut>http://www.flickr.com/services/oauth/authorize?oauth_token=72157632981485038-233a1b5a83228334&amp;perms=read
3cb0eafd39b1347a</StdOut>
      </Output>
    </UnitTestResult>
    <UnitTestResult executionId="798b2ecd-b19c-462b-b689-1b2837bb0e79" testId="5ac2f32f-57f4-d85a-3436-d89125899520" testName="ShouldGetRequestToken" computerName="EPHUBUDW0604" duration="00:00:00.7519957" startTime="2013-03-12T17:28:02.9272482+01:00" endTime="2013-03-12T17:28:03.6851724+01:00" testType="13cdc9d9-ddb5-4fa4-a97d-d965ccfc6d4b" outcome="Passed" testListId="8c84fa94-04c1-424b-9868-57a2d4851a1d" relativeResultsDirectory="798b2ecd-b19c-462b-b689-1b2837bb0e79">
      <Output>
        <StdOut>token:  72157632981485142-e88ee151495f46b0
secret: 4a715ef227bf524f
http://api.flickr.com/services/rest?api_key=1a44395543c1473fb19d39467fb4c827&amp;format=json&amp;method=flickr.auth.oauth.checkToken&amp;nojsoncallback=1&amp;oauth_token=72157632981485142-e88ee151495f46b0
{"stat":"fail", "code":97, "message":"Missing signature"}</StdOut>
      </Output>
    </UnitTestResult>
    <UnitTestResult executionId="b081adf9-1411-4e38-a4c5-b644f5b8cb3d" testId="5ad8eb35-da25-5ec0-56e3-92d6a14bc4f2" testName="PeopleGetPublicPhotosTest" computerName="EPHUBUDW0604" duration="00:00:00.5051906" startTime="2013-03-12T17:28:03.7021707+01:00" endTime="2013-03-12T17:28:04.2171192+01:00" testType="13cdc9d9-ddb5-4fa4-a97d-d965ccfc6d4b" outcome="Passed" testListId="8c84fa94-04c1-424b-9868-57a2d4851a1d" relativeResultsDirectory="b081adf9-1411-4e38-a4c5-b644f5b8cb3d">
      <Output>
        <StdOut>http://api.flickr.com/services/rest?api_key=1a44395543c1473fb19d39467fb4c827&amp;extras=path_alias,url_s&amp;format=json&amp;method=flickr.people.getPublicPhotos&amp;nojsoncallback=1&amp;per_page=30&amp;user_id=27725019@N00
{"photos":{"page":1, "pages":5, "perpage":30, "total":"124", "photo":[{"id":"7932311906", "owner":"27725019@N00", "secret":"d55b33a035", "server":"8302", "farm":9, "title":"Aranyosmeggyes \u25cf Medie\u015ful Aurit", "ispublic":1, "isfriend":0, "isfamily":0, "pathalias":"medvekoma", "url_s":"http:\/\/farm9.staticflickr.com\/8302\/7932311906_d55b33a035_m.jpg", "height_s":"192", "width_s":"240"}, {"id":"7738165960", "owner":"27725019@N00", "secret":"1f406faac7", "server":"8290", "farm":9, "title":"underworld \u25cf alvil\u00e1g", "ispublic":1, "isfriend":0, "isfamily":0, "pathalias":"medvekoma", "url_s":"http:\/\/farm9.staticflickr.com\/8290\/7738165960_1f406faac7_m.jpg", "height_s":"240", "width_s":"160"}, {"id":"7340593082", "owner":"27725019@N00", "secret":"c00c6488aa", "server":"7223", "farm":8, "title":"indulj el egy \u00faton...", "ispublic":1, "isfriend":0, "isfamily":0, "pathalias":"medvekoma", "url_s":"http:\/\/farm8.staticflickr.com\/7223\/7340593082_c00c6488aa_m.jpg", "height_s":"240", "width_s":"240"}, {"id":"6307560656", "owner":"27725019@N00", "secret":"1ac6bc89f7", "server":"6228", "farm":7, "title":"a fotografikon \u25cf the photo-graph", "ispublic":1, "isfriend":0, "isfamily":0, "pathalias":"medvekoma", "url_s":"http:\/\/farm7.staticflickr.com\/6228\/6307560656_1ac6bc89f7_m.jpg", "height_s":"160", "width_s":"240"}, {"id":"6307297570", "owner":"27725019@N00", "secret":"431193f199", "server":"6037", "farm":7, "title":"indian summer \u25cf v\u00e9nasszonyok nyara", "ispublic":1, "isfriend":0, "isfamily":0, "pathalias":"medvekoma", "url_s":"http:\/\/farm7.staticflickr.com\/6037\/6307297570_431193f199_m.jpg", "height_s":"160", "width_s":"240"}, {"id":"6272503368", "owner":"27725019@N00", "secret":"dc7bbbeb73", "server":"6057", "farm":7, "title":"constellation \u25cf csillagk\u00e9p", "ispublic":1, "isfriend":0, "isfamily":0, "pathalias":"medvekoma", "url_s":"http:\/\/farm7.staticflickr.com\/6057\/6272503368_dc7bbbeb73_m.jpg", "height_s":"240", "width_s":"160"}, {"id":"5995002117", "owner":"27725019@N00", "secret":"040be195d1", "server":"6144", "farm":7, "title":"breakthrough \u25cf \u00e1tt\u00f6r\u00e9s", "ispublic":1, "isfriend":0, "isfamily":0, "pathalias":"medvekoma", "url_s":"http:\/\/farm7.staticflickr.com\/6144\/5995002117_040be195d1_m.jpg", "height_s":"240", "width_s":"160"}, {"id":"5989559695", "owner":"27725019@N00", "secret":"54af3aa784", "server":"6140", "farm":7, "title":"house with a view \u25cf h\u00e1z kil\u00e1t\u00e1ssal", "ispublic":1, "isfriend":0, "isfamily":0, "pathalias":"medvekoma", "url_s":"http:\/\/farm7.staticflickr.com\/6140\/5989559695_54af3aa784_m.jpg", "height_s":"160", "width_s":"240"}, {"id":"5932643355", "owner":"27725019@N00", "secret":"0c5e35c066", "server":"6139", "farm":7, "title":"eastwards \u25cf kelet fel\u00e9", "ispublic":1, "isfriend":0, "isfamily":0, "pathalias":"medvekoma", "url_s":"http:\/\/farm7.staticflickr.com\/6139\/5932643355_0c5e35c066_m.jpg", "height_s":"144", "width_s":"240"}, {"id":"5672040930", "owner":"27725019@N00", "secret":"b27b1637c1", "server":"5105", "farm":6, "title":"cutaway view \u25cf egy hegy metszete", "ispublic":1, "isfriend":0, "isfamily":0, "pathalias":"medvekoma", "url_s":"http:\/\/farm6.staticflickr.com\/5105\/5672040930_b27b1637c1_m.jpg", "height_s":"160", "width_s":"240"}, {"id":"5669385899", "owner":"27725019@N00", "secret":"5fbcbecfc9", "server":"5063", "farm":6, "title":"nocturne", "ispublic":1, "isfriend":0, "isfamily":0, "pathalias":"medvekoma", "url_s":"http:\/\/farm6.staticflickr.com\/5063\/5669385899_5fbcbecfc9_m.jpg", "height_s":"160", "width_s":"240"}, {"id":"5668530843", "owner":"27725019@N00", "secret":"2afb8a43e2", "server":"5142", "farm":6, "title":"pastorale", "ispublic":1, "isfriend":0, "isfamily":0, "pathalias":"medvekoma", "url_s":"http:\/\/farm6.staticflickr.com\/5142\/5668530843_2afb8a43e2_m.jpg", "height_s":"160", "width_s":"240"}, {"id":"5639098784", "owner":"27725019@N00", "secret":"dfced09f41", "server":"5186", "farm":6, "title":"psz\u00ednh\u00e1z \u25cf psytheathre", "ispublic":1, "isfriend":0, "isfamily":0, "pathalias":"medvekoma", "url_s":"http:\/\/farm6.staticflickr.com\/5186\/5639098784_dfced09f41_m.jpg", "height_s":"240", "width_s":"160"}, {"id":"5596419246", "owner":"27725019@N00", "secret":"5b550c9ea4", "server":"5021", "farm":6, "title":"solitude standing \u25cf folyamatos mag\u00e1ny", "ispublic":1, "isfriend":0, "isfamily":0, "pathalias":"medvekoma", "url_s":"http:\/\/farm6.staticflickr.com\/5021\/5596419246_5b550c9ea4_m.jpg", "height_s":"240", "width_s":"160"}, {"id":"5529782845", "owner":"27725019@N00", "secret":"f8e0192069", "server":"5252", "farm":6, "title":"hunyor \u25cf helleborus", "ispublic":1, "isfriend":0, "isfamily":0, "pathalias":"medvekoma", "url_s":"http:\/\/farm6.staticflickr.com\/5252\/5529782845_f8e0192069_m.jpg", "height_s":"160", "width_s":"240"}, {"id":"5529743659", "owner":"27725019@N00", "secret":"ea90685e04", "server":"5139", "farm":6, "title":"landScape \u25cf t\u00e1jSk\u00e9p", "ispublic":1, "isfriend":0, "isfamily":0, "pathalias":"medvekoma", "url_s":"http:\/\/farm6.staticflickr.com\/5139\/5529743659_ea90685e04_m.jpg", "height_s":"160", "width_s":"240"}, {"id":"5140499843", "owner":"27725019@N00", "secret":"934baf28d1", "server":"1234", "farm":2, "title":"a v\u00edz szalad, a k\u0151 marad \u25cf running waters, standing stones", "ispublic":1, "isfriend":0, "isfamily":0, "pathalias":"medvekoma", "url_s":"http:\/\/farm2.staticflickr.com\/1234\/5140499843_934baf28d1_m.jpg", "height_s":"160", "width_s":"240"}, {"id":"4978609689", "owner":"27725019@N00", "secret":"60f38f370f", "server":"4086", "farm":5, "title":"n\u00e9gykezes \u25cf piece for four hands", "ispublic":1, "isfriend":0, "isfamily":0, "pathalias":"medvekoma", "url_s":"http:\/\/farm5.staticflickr.com\/4086\/4978609689_60f38f370f_m.jpg", "height_s":"240", "width_s":"240"}, {"id":"4978607511", "owner":"27725019@N00", "secret":"96e7142d15", "server":"4145", "farm":5, "title":"love \u25cf szerelem", "ispublic":1, "isfriend":0, "isfamily":0, "pathalias":"medvekoma", "url_s":"http:\/\/farm5.staticflickr.com\/4145\/4978607511_96e7142d15_m.jpg", "height_s":"240", "width_s":"160"}, {"id":"4979207842", "owner":"27725019@N00", "secret":"bf0e8db007", "server":"4148", "farm":5, "title":"Grencs\u00f3 Istv\u00e1n", "ispublic":1, "isfriend":0, "isfamily":0, "pathalias":"medvekoma", "url_s":"http:\/\/farm5.staticflickr.com\/4148\/4979207842_bf0e8db007_m.jpg", "height_s":"240", "width_s":"160"}, {"id":"4971623057", "owner":"27725019@N00", "secret":"56b86feb87", "server":"4131", "farm":5, "title":"\u25cf \u25cf", "ispublic":1, "isfriend":0, "isfamily":0, "pathalias":"medvekoma", "url_s":"http:\/\/farm5.staticflickr.com\/4131\/4971623057_56b86feb87_m.jpg", "height_s":"160", "width_s":"240"}, {"id":"4915689774", "owner":"27725019@N00", "secret":"eb290ca18c", "server":"4094", "farm":5, "title":"\u25cf", "ispublic":1, "isfriend":0, "isfamily":0, "pathalias":"medvekoma", "url_s":"http:\/\/farm5.staticflickr.com\/4094\/4915689774_eb290ca18c_m.jpg", "height_s":"160", "width_s":"240"}, {"id":"4909947632", "owner":"27725019@N00", "secret":"6dd150e2fb", "server":"4077", "farm":5, "title":"ki kor\u00e1n kel, aranyat lel \u25cf golden morning", "ispublic":1, "isfriend":0, "isfamily":0, "pathalias":"medvekoma", "url_s":"http:\/\/farm5.staticflickr.com\/4077\/4909947632_6dd150e2fb_m.jpg", "height_s":"160", "width_s":"240"}, {"id":"4909335487", "owner":"27725019@N00", "secret":"ff564b40e6", "server":"4101", "farm":5, "title":"Pista b\u00e1csi \u25cf uncle Steve", "ispublic":1, "isfriend":0, "isfamily":0, "pathalias":"medvekoma", "url_s":"http:\/\/farm5.staticflickr.com\/4101\/4909335487_ff564b40e6_m.jpg", "height_s":"240", "width_s":"160"}, {"id":"4903911942", "owner":"27725019@N00", "secret":"ffcb8a1446", "server":"4075", "farm":5, "title":"Harina \u25cf M\u00f6nchsdorf \u25cf Herina", "ispublic":1, "isfriend":0, "isfamily":0, "pathalias":"medvekoma", "url_s":"http:\/\/farm5.staticflickr.com\/4075\/4903911942_ffcb8a1446_m.jpg", "height_s":"240", "width_s":"160"}, {"id":"4903895152", "owner":"27725019@N00", "secret":"43f006785d", "server":"4081", "farm":5, "title":"\u00c9nlaka", "ispublic":1, "isfriend":0, "isfamily":0, "pathalias":"medvekoma", "url_s":"http:\/\/farm5.staticflickr.com\/4081\/4903895152_43f006785d_m.jpg", "height_s":"240", "width_s":"160"}, {"id":"4903285771", "owner":"27725019@N00", "secret":"11328f044c", "server":"4077", "farm":5, "title":"cs\u00f3kfalva", "ispublic":1, "isfriend":0, "isfamily":0, "pathalias":"medvekoma", "url_s":"http:\/\/farm5.staticflickr.com\/4077\/4903285771_11328f044c_m.jpg", "height_s":"240", "width_s":"160"}, {"id":"4903222785", "owner":"27725019@N00", "secret":"a006b8eae4", "server":"4098", "farm":5, "title":"Egy Az Isten \u25cf God Is One", "ispublic":1, "isfriend":0, "isfamily":0, "pathalias":"medvekoma", "url_s":"http:\/\/farm5.staticflickr.com\/4098\/4903222785_a006b8eae4_m.jpg", "height_s":"240", "width_s":"160"}, {"id":"4816953425", "owner":"27725019@N00", "secret":"36f4447cfd", "server":"4142", "farm":5, "title":"summer \u25cf ny\u00e1r", "ispublic":1, "isfriend":0, "isfamily":0, "pathalias":"medvekoma", "url_s":"http:\/\/farm5.staticflickr.com\/4142\/4816953425_36f4447cfd_m.jpg", "height_s":"240", "width_s":"240"}, {"id":"4776738342", "owner":"27725019@N00", "secret":"bd820c09ee", "server":"4079", "farm":5, "title":"Budapest by light", "ispublic":1, "isfriend":0, "isfamily":0, "pathalias":"medvekoma", "url_s":"http:\/\/farm5.staticflickr.com\/4079\/4776738342_bd820c09ee_m.jpg", "height_s":"240", "width_s":"160"}]}, "stat":"ok"}</StdOut>
      </Output>
    </UnitTestResult>
    <UnitTestResult executionId="c86f263b-144e-4964-94b0-7330ef13d51b" testId="95463b90-55da-414d-11df-1664812637eb" testName="ShouldGetRequestTokenUrl" computerName="EPHUBUDW0604" duration="00:00:00.0006921" startTime="2013-03-12T17:28:04.2341175+01:00" endTime="2013-03-12T17:28:04.2431166+01:00" testType="13cdc9d9-ddb5-4fa4-a97d-d965ccfc6d4b" outcome="Passed" testListId="8c84fa94-04c1-424b-9868-57a2d4851a1d" relativeResultsDirectory="c86f263b-144e-4964-94b0-7330ef13d51b">
      <Output>
        <StdOut>http://www.flickr.com/services/oauth/request_token?oauth_callback=http%3A%2F%2Fportfotolio.net%2F-account%2Fauthorize&amp;oauth_consumer_key=1a44395543c1473fb19d39467fb4c827&amp;oauth_nonce=3506196&amp;oauth_signature_method=HMAC-SHA1&amp;oauth_timestamp=1363105684&amp;oauth_signature=A4y9mdkO0JLuFGwU6H%2BUAlg7Rwc%3D</StdOut>
      </Output>
    </UnitTestResult>
    <UnitTestResult executionId="5187d401-4a09-47da-90ad-e8308d79bc1b" testId="a4f09926-d640-66e2-b0b5-41ffccb4ee7e" testName="PeopleGetPhotosTestUnauthorized" computerName="EPHUBUDW0604" duration="00:00:00.4218907" startTime="2013-03-12T17:28:04.2551154+01:00" endTime="2013-03-12T17:28:04.6830726+01:00" testType="13cdc9d9-ddb5-4fa4-a97d-d965ccfc6d4b" outcome="Passed" testListId="8c84fa94-04c1-424b-9868-57a2d4851a1d" relativeResultsDirectory="5187d401-4a09-47da-90ad-e8308d79bc1b">
      <Output>
        <StdOut>http://api.flickr.com/services/rest?api_key=1a44395543c1473fb19d39467fb4c827&amp;extras=path_alias,url_s&amp;format=json&amp;method=flickr.people.getPhotos&amp;nojsoncallback=1&amp;per_page=30&amp;user_id=27725019@N00
{"stat":"fail", "code":99, "message":"Insufficient permissions. Method requires read privileges; none granted."}</StdOut>
      </Output>
    </UnitTestResult>
    <UnitTestResult executionId="9c35b873-1456-4dd8-9ea5-67279945327b" testId="aabf9d69-f592-270e-6afa-a098456e34bf" testName="SimplickrConfigFromConfigFile" computerName="EPHUBUDW0604" duration="00:00:00.0002606" startTime="2013-03-12T17:28:04.7160693+01:00" endTime="2013-03-12T17:28:04.7230686+01:00" testType="13cdc9d9-ddb5-4fa4-a97d-d965ccfc6d4b" outcome="Passed" testListId="8c84fa94-04c1-424b-9868-57a2d4851a1d" relativeResultsDirectory="9c35b873-1456-4dd8-9ea5-67279945327b">
    </UnitTestResult>
  </Results>
</TestRun>